[E 241030 00:37:21 smartConnect:246] Error occurred while making a POST request to https://apiconnect.angelone.in/rest/secure/angelbroking/historical/v1/getCandleData. Error: Invalid date or time format. URL: https://apiconnect.angelone.in/rest/secure/angelbroking/historical/v1/getCandleData, Headers: {'Content-type': 'application/json', 'X-ClientLocalIP': '127.0.0.1', 'X-ClientPublicIP': '106.193.147.98', 'X-MACAddress': 'b0:47:e9:6c:91:c9', 'Accept': 'application/json', 'X-PrivateKey': 'RgOlMNVl', 'X-UserType': 'USER', 'X-SourceID': 'WEB'}, Request: {'exchange': 'NSE', 'symboltoken': 7, 'interval': 'ONE_MINUTE', 'fromdate': "<Cell 'list'.A2> 09:15", 'todate': "<Cell 'list'.A2> 15:15"}, Response: {'message': 'Invalid date or time format', 'errorcode': 'AB13000', 'status': False, 'data': None}
[E 241030 00:37:22 smartConnect:246] Error occurred while making a POST request to https://apiconnect.angelone.in/rest/secure/angelbroking/historical/v1/getCandleData. Error: Invalid date or time format. URL: https://apiconnect.angelone.in/rest/secure/angelbroking/historical/v1/getCandleData, Headers: {'Content-type': 'application/json', 'X-ClientLocalIP': '127.0.0.1', 'X-ClientPublicIP': '106.193.147.98', 'X-MACAddress': 'b0:47:e9:6c:91:c9', 'Accept': 'application/json', 'X-PrivateKey': 'RgOlMNVl', 'X-UserType': 'USER', 'X-SourceID': 'WEB'}, Request: {'exchange': 'NSE', 'symboltoken': 13, 'interval': 'ONE_MINUTE', 'fromdate': "<Cell 'list'.A3> 09:15", 'todate': "<Cell 'list'.A3> 15:15"}, Response: {'message': 'Invalid date or time format', 'errorcode': 'AB13000', 'status': False, 'data': None}
[E 241030 00:37:23 smartConnect:246] Error occurred while making a POST request to https://apiconnect.angelone.in/rest/secure/angelbroking/historical/v1/getCandleData. Error: Invalid date or time format. URL: https://apiconnect.angelone.in/rest/secure/angelbroking/historical/v1/getCandleData, Headers: {'Content-type': 'application/json', 'X-ClientLocalIP': '127.0.0.1', 'X-ClientPublicIP': '106.193.147.98', 'X-MACAddress': 'b0:47:e9:6c:91:c9', 'Accept': 'application/json', 'X-PrivateKey': 'RgOlMNVl', 'X-UserType': 'USER', 'X-SourceID': 'WEB'}, Request: {'exchange': 'NSE', 'symboltoken': 17903, 'interval': 'ONE_MINUTE', 'fromdate': "<Cell 'list'.A4> 09:15", 'todate': "<Cell 'list'.A4> 15:15"}, Response: {'message': 'Invalid date or time format', 'errorcode': 'AB13000', 'status': False, 'data': None}
[E 241030 00:37:24 smartConnect:246] Error occurred while making a POST request to https://apiconnect.angelone.in/rest/secure/angelbroking/historical/v1/getCandleData. Error: Invalid date or time format. URL: https://apiconnect.angelone.in/rest/secure/angelbroking/historical/v1/getCandleData, Headers: {'Content-type': 'application/json', 'X-ClientLocalIP': '127.0.0.1', 'X-ClientPublicIP': '106.193.147.98', 'X-MACAddress': 'b0:47:e9:6c:91:c9', 'Accept': 'application/json', 'X-PrivateKey': 'RgOlMNVl', 'X-UserType': 'USER', 'X-SourceID': 'WEB'}, Request: {'exchange': 'NSE', 'symboltoken': 21614, 'interval': 'ONE_MINUTE', 'fromdate': "<Cell 'list'.A5> 09:15", 'todate': "<Cell 'list'.A5> 15:15"}, Response: {'message': 'Invalid date or time format', 'errorcode': 'AB13000', 'status': False, 'data': None}
[E 241030 00:37:25 smartConnect:246] Error occurred while making a POST request to https://apiconnect.angelone.in/rest/secure/angelbroking/historical/v1/getCandleData. Error: Invalid date or time format. URL: https://apiconnect.angelone.in/rest/secure/angelbroking/historical/v1/getCandleData, Headers: {'Content-type': 'application/json', 'X-ClientLocalIP': '127.0.0.1', 'X-ClientPublicIP': '106.193.147.98', 'X-MACAddress': 'b0:47:e9:6c:91:c9', 'Accept': 'application/json', 'X-PrivateKey': 'RgOlMNVl', 'X-UserType': 'USER', 'X-SourceID': 'WEB'}, Request: {'exchange': 'NSE', 'symboltoken': 30108, 'interval': 'ONE_MINUTE', 'fromdate': "<Cell 'list'.A6> 09:15", 'todate': "<Cell 'list'.A6> 15:15"}, Response: {'message': 'Invalid date or time format', 'errorcode': 'AB13000', 'status': False, 'data': None}
[E 241030 00:37:27 smartConnect:246] Error occurred while making a POST request to https://apiconnect.angelone.in/rest/secure/angelbroking/historical/v1/getCandleData. Error: Invalid date or time format. URL: https://apiconnect.angelone.in/rest/secure/angelbroking/historical/v1/getCandleData, Headers: {'Content-type': 'application/json', 'X-ClientLocalIP': '127.0.0.1', 'X-ClientPublicIP': '106.193.147.98', 'X-MACAddress': 'b0:47:e9:6c:91:c9', 'Accept': 'application/json', 'X-PrivateKey': 'RgOlMNVl', 'X-UserType': 'USER', 'X-SourceID': 'WEB'}, Request: {'exchange': 'NSE', 'symboltoken': 22, 'interval': 'ONE_MINUTE', 'fromdate': "<Cell 'list'.A7> 09:15", 'todate': "<Cell 'list'.A7> 15:15"}, Response: {'message': 'Invalid date or time format', 'errorcode': 'AB13000', 'status': False, 'data': None}
[E 241030 00:37:28 smartConnect:246] Error occurred while making a POST request to https://apiconnect.angelone.in/rest/secure/angelbroking/historical/v1/getCandleData. Error: Invalid date or time format. URL: https://apiconnect.angelone.in/rest/secure/angelbroking/historical/v1/getCandleData, Headers: {'Content-type': 'application/json', 'X-ClientLocalIP': '127.0.0.1', 'X-ClientPublicIP': '106.193.147.98', 'X-MACAddress': 'b0:47:e9:6c:91:c9', 'Accept': 'application/json', 'X-PrivateKey': 'RgOlMNVl', 'X-UserType': 'USER', 'X-SourceID': 'WEB'}, Request: {'exchange': 'NSE', 'symboltoken': 25, 'interval': 'ONE_MINUTE', 'fromdate': "<Cell 'list'.A8> 09:15", 'todate': "<Cell 'list'.A8> 15:15"}, Response: {'message': 'Invalid date or time format', 'errorcode': 'AB13000', 'status': False, 'data': None}
[E 241030 00:37:29 smartConnect:246] Error occurred while making a POST request to https://apiconnect.angelone.in/rest/secure/angelbroking/historical/v1/getCandleData. Error: Invalid date or time format. URL: https://apiconnect.angelone.in/rest/secure/angelbroking/historical/v1/getCandleData, Headers: {'Content-type': 'application/json', 'X-ClientLocalIP': '127.0.0.1', 'X-ClientPublicIP': '106.193.147.98', 'X-MACAddress': 'b0:47:e9:6c:91:c9', 'Accept': 'application/json', 'X-PrivateKey': 'RgOlMNVl', 'X-UserType': 'USER', 'X-SourceID': 'WEB'}, Request: {'exchange': 'NSE', 'symboltoken': 15083, 'interval': 'ONE_MINUTE', 'fromdate': "<Cell 'list'.A9> 09:15", 'todate': "<Cell 'list'.A9> 15:15"}, Response: {'message': 'Invalid date or time format', 'errorcode': 'AB13000', 'status': False, 'data': None}
[E 241030 00:37:30 smartConnect:246] Error occurred while making a POST request to https://apiconnect.angelone.in/rest/secure/angelbroking/historical/v1/getCandleData. Error: Invalid date or time format. URL: https://apiconnect.angelone.in/rest/secure/angelbroking/historical/v1/getCandleData, Headers: {'Content-type': 'application/json', 'X-ClientLocalIP': '127.0.0.1', 'X-ClientPublicIP': '106.193.147.98', 'X-MACAddress': 'b0:47:e9:6c:91:c9', 'Accept': 'application/json', 'X-PrivateKey': 'RgOlMNVl', 'X-UserType': 'USER', 'X-SourceID': 'WEB'}, Request: {'exchange': 'NSE', 'symboltoken': 11703, 'interval': 'ONE_MINUTE', 'fromdate': "<Cell 'list'.A10> 09:15", 'todate': "<Cell 'list'.A10> 15:15"}, Response: {'message': 'Invalid date or time format', 'errorcode': 'AB13000', 'status': False, 'data': None}
[E 241030 00:37:31 smartConnect:246] Error occurred while making a POST request to https://apiconnect.angelone.in/rest/secure/angelbroking/historical/v1/getCandleData. Error: Invalid date or time format. URL: https://apiconnect.angelone.in/rest/secure/angelbroking/historical/v1/getCandleData, Headers: {'Content-type': 'application/json', 'X-ClientLocalIP': '127.0.0.1', 'X-ClientPublicIP': '106.193.147.98', 'X-MACAddress': 'b0:47:e9:6c:91:c9', 'Accept': 'application/json', 'X-PrivateKey': 'RgOlMNVl', 'X-UserType': 'USER', 'X-SourceID': 'WEB'}, Request: {'exchange': 'NSE', 'symboltoken': 1270, 'interval': 'ONE_MINUTE', 'fromdate': "<Cell 'list'.A11> 09:15", 'todate': "<Cell 'list'.A11> 15:15"}, Response: {'message': 'Invalid date or time format', 'errorcode': 'AB13000', 'status': False, 'data': None}
[E 241030 00:37:32 smartConnect:246] Error occurred while making a POST request to https://apiconnect.angelone.in/rest/secure/angelbroking/historical/v1/getCandleData. Error: Invalid date or time format. URL: https://apiconnect.angelone.in/rest/secure/angelbroking/historical/v1/getCandleData, Headers: {'Content-type': 'application/json', 'X-ClientLocalIP': '127.0.0.1', 'X-ClientPublicIP': '106.193.147.98', 'X-MACAddress': 'b0:47:e9:6c:91:c9', 'Accept': 'application/json', 'X-PrivateKey': 'RgOlMNVl', 'X-UserType': 'USER', 'X-SourceID': 'WEB'}, Request: {'exchange': 'NSE', 'symboltoken': 157, 'interval': 'ONE_MINUTE', 'fromdate': "<Cell 'list'.A12> 09:15", 'todate': "<Cell 'list'.A12> 15:15"}, Response: {'message': 'Invalid date or time format', 'errorcode': 'AB13000', 'status': False, 'data': None}
[E 241030 00:37:33 smartConnect:246] Error occurred while making a POST request to https://apiconnect.angelone.in/rest/secure/angelbroking/historical/v1/getCandleData. Error: Invalid date or time format. URL: https://apiconnect.angelone.in/rest/secure/angelbroking/historical/v1/getCandleData, Headers: {'Content-type': 'application/json', 'X-ClientLocalIP': '127.0.0.1', 'X-ClientPublicIP': '106.193.147.98', 'X-MACAddress': 'b0:47:e9:6c:91:c9', 'Accept': 'application/json', 'X-PrivateKey': 'RgOlMNVl', 'X-UserType': 'USER', 'X-SourceID': 'WEB'}, Request: {'exchange': 'NSE', 'symboltoken': 163, 'interval': 'ONE_MINUTE', 'fromdate': "<Cell 'list'.A13> 09:15", 'todate': "<Cell 'list'.A13> 15:15"}, Response: {'message': 'Invalid date or time format', 'errorcode': 'AB13000', 'status': False, 'data': None}
[E 241030 00:37:34 smartConnect:246] Error occurred while making a POST request to https://apiconnect.angelone.in/rest/secure/angelbroking/historical/v1/getCandleData. Error: Invalid date or time format. URL: https://apiconnect.angelone.in/rest/secure/angelbroking/historical/v1/getCandleData, Headers: {'Content-type': 'application/json', 'X-ClientLocalIP': '127.0.0.1', 'X-ClientPublicIP': '106.193.147.98', 'X-MACAddress': 'b0:47:e9:6c:91:c9', 'Accept': 'application/json', 'X-PrivateKey': 'RgOlMNVl', 'X-UserType': 'USER', 'X-SourceID': 'WEB'}, Request: {'exchange': 'NSE', 'symboltoken': 212, 'interval': 'ONE_MINUTE', 'fromdate': "<Cell 'list'.A14> 09:15", 'todate': "<Cell 'list'.A14> 15:15"}, Response: {'message': 'Invalid date or time format', 'errorcode': 'AB13000', 'status': False, 'data': None}
[E 241030 00:37:35 smartConnect:246] Error occurred while making a POST request to https://apiconnect.angelone.in/rest/secure/angelbroking/historical/v1/getCandleData. Error: Invalid date or time format. URL: https://apiconnect.angelone.in/rest/secure/angelbroking/historical/v1/getCandleData, Headers: {'Content-type': 'application/json', 'X-ClientLocalIP': '127.0.0.1', 'X-ClientPublicIP': '106.193.147.98', 'X-MACAddress': 'b0:47:e9:6c:91:c9', 'Accept': 'application/json', 'X-PrivateKey': 'RgOlMNVl', 'X-UserType': 'USER', 'X-SourceID': 'WEB'}, Request: {'exchange': 'NSE', 'symboltoken': 236, 'interval': 'ONE_MINUTE', 'fromdate': "<Cell 'list'.A15> 09:15", 'todate': "<Cell 'list'.A15> 15:15"}, Response: {'message': 'Invalid date or time format', 'errorcode': 'AB13000', 'status': False, 'data': None}
[E 241030 00:37:36 smartConnect:246] Error occurred while making a POST request to https://apiconnect.angelone.in/rest/secure/angelbroking/historical/v1/getCandleData. Error: Invalid date or time format. URL: https://apiconnect.angelone.in/rest/secure/angelbroking/historical/v1/getCandleData, Headers: {'Content-type': 'application/json', 'X-ClientLocalIP': '127.0.0.1', 'X-ClientPublicIP': '106.193.147.98', 'X-MACAddress': 'b0:47:e9:6c:91:c9', 'Accept': 'application/json', 'X-PrivateKey': 'RgOlMNVl', 'X-UserType': 'USER', 'X-SourceID': 'WEB'}, Request: {'exchange': 'NSE', 'symboltoken': 14418, 'interval': 'ONE_MINUTE', 'fromdate': "<Cell 'list'.A16> 09:15", 'todate': "<Cell 'list'.A16> 15:15"}, Response: {'message': 'Invalid date or time format', 'errorcode': 'AB13000', 'status': False, 'data': None}
[E 241030 00:37:37 smartConnect:246] Error occurred while making a POST request to https://apiconnect.angelone.in/rest/secure/angelbroking/historical/v1/getCandleData. Error: Invalid date or time format. URL: https://apiconnect.angelone.in/rest/secure/angelbroking/historical/v1/getCandleData, Headers: {'Content-type': 'application/json', 'X-ClientLocalIP': '127.0.0.1', 'X-ClientPublicIP': '106.193.147.98', 'X-MACAddress': 'b0:47:e9:6c:91:c9', 'Accept': 'application/json', 'X-PrivateKey': 'RgOlMNVl', 'X-UserType': 'USER', 'X-SourceID': 'WEB'}, Request: {'exchange': 'NSE', 'symboltoken': 263, 'interval': 'ONE_MINUTE', 'fromdate': "<Cell 'list'.A17> 09:15", 'todate': "<Cell 'list'.A17> 15:15"}, Response: {'message': 'Invalid date or time format', 'errorcode': 'AB13000', 'status': False, 'data': None}
[E 241030 00:37:38 smartConnect:246] Error occurred while making a POST request to https://apiconnect.angelone.in/rest/secure/angelbroking/historical/v1/getCandleData. Error: Invalid date or time format. URL: https://apiconnect.angelone.in/rest/secure/angelbroking/historical/v1/getCandleData, Headers: {'Content-type': 'application/json', 'X-ClientLocalIP': '127.0.0.1', 'X-ClientPublicIP': '106.193.147.98', 'X-MACAddress': 'b0:47:e9:6c:91:c9', 'Accept': 'application/json', 'X-PrivateKey': 'RgOlMNVl', 'X-UserType': 'USER', 'X-SourceID': 'WEB'}, Request: {'exchange': 'NSE', 'symboltoken': 21238, 'interval': 'ONE_MINUTE', 'fromdate': "<Cell 'list'.A18> 09:15", 'todate': "<Cell 'list'.A18> 15:15"}, Response: {'message': 'Invalid date or time format', 'errorcode': 'AB13000', 'status': False, 'data': None}
[E 241030 00:37:40 smartConnect:246] Error occurred while making a POST request to https://apiconnect.angelone.in/rest/secure/angelbroking/historical/v1/getCandleData. Error: Invalid date or time format. URL: https://apiconnect.angelone.in/rest/secure/angelbroking/historical/v1/getCandleData, Headers: {'Content-type': 'application/json', 'X-ClientLocalIP': '127.0.0.1', 'X-ClientPublicIP': '106.193.147.98', 'X-MACAddress': 'b0:47:e9:6c:91:c9', 'Accept': 'application/json', 'X-PrivateKey': 'RgOlMNVl', 'X-UserType': 'USER', 'X-SourceID': 'WEB'}, Request: {'exchange': 'NSE', 'symboltoken': 275, 'interval': 'ONE_MINUTE', 'fromdate': "<Cell 'list'.A19> 09:15", 'todate': "<Cell 'list'.A19> 15:15"}, Response: {'message': 'Invalid date or time format', 'errorcode': 'AB13000', 'status': False, 'data': None}
[E 241030 00:37:41 smartConnect:246] Error occurred while making a POST request to https://apiconnect.angelone.in/rest/secure/angelbroking/historical/v1/getCandleData. Error: Invalid date or time format. URL: https://apiconnect.angelone.in/rest/secure/angelbroking/historical/v1/getCandleData, Headers: {'Content-type': 'application/json', 'X-ClientLocalIP': '127.0.0.1', 'X-ClientPublicIP': '106.193.147.98', 'X-MACAddress': 'b0:47:e9:6c:91:c9', 'Accept': 'application/json', 'X-PrivateKey': 'RgOlMNVl', 'X-UserType': 'USER', 'X-SourceID': 'WEB'}, Request: {'exchange': 'NSE', 'symboltoken': 5900, 'interval': 'ONE_MINUTE', 'fromdate': "<Cell 'list'.A20> 09:15", 'todate': "<Cell 'list'.A20> 15:15"}, Response: {'message': 'Invalid date or time format', 'errorcode': 'AB13000', 'status': False, 'data': None}
[E 241030 00:37:42 smartConnect:246] Error occurred while making a POST request to https://apiconnect.angelone.in/rest/secure/angelbroking/historical/v1/getCandleData. Error: Invalid date or time format. URL: https://apiconnect.angelone.in/rest/secure/angelbroking/historical/v1/getCandleData, Headers: {'Content-type': 'application/json', 'X-ClientLocalIP': '127.0.0.1', 'X-ClientPublicIP': '106.193.147.98', 'X-MACAddress': 'b0:47:e9:6c:91:c9', 'Accept': 'application/json', 'X-PrivateKey': 'RgOlMNVl', 'X-UserType': 'USER', 'X-SourceID': 'WEB'}, Request: {'exchange': 'NSE', 'symboltoken': 16669, 'interval': 'ONE_MINUTE', 'fromdate': "<Cell 'list'.A21> 09:15", 'todate': "<Cell 'list'.A21> 15:15"}, Response: {'message': 'Invalid date or time format', 'errorcode': 'AB13000', 'status': False, 'data': None}
[E 241030 00:37:43 smartConnect:246] Error occurred while making a POST request to https://apiconnect.angelone.in/rest/secure/angelbroking/historical/v1/getCandleData. Error: Invalid date or time format. URL: https://apiconnect.angelone.in/rest/secure/angelbroking/historical/v1/getCandleData, Headers: {'Content-type': 'application/json', 'X-ClientLocalIP': '127.0.0.1', 'X-ClientPublicIP': '106.193.147.98', 'X-MACAddress': 'b0:47:e9:6c:91:c9', 'Accept': 'application/json', 'X-PrivateKey': 'RgOlMNVl', 'X-UserType': 'USER', 'X-SourceID': 'WEB'}, Request: {'exchange': 'NSE', 'symboltoken': 16675, 'interval': 'ONE_MINUTE', 'fromdate': "<Cell 'list'.A22> 09:15", 'todate': "<Cell 'list'.A22> 15:15"}, Response: {'message': 'Invalid date or time format', 'errorcode': 'AB13000', 'status': False, 'data': None}
[E 241030 00:37:44 smartConnect:246] Error occurred while making a POST request to https://apiconnect.angelone.in/rest/secure/angelbroking/historical/v1/getCandleData. Error: Invalid date or time format. URL: https://apiconnect.angelone.in/rest/secure/angelbroking/historical/v1/getCandleData, Headers: {'Content-type': 'application/json', 'X-ClientLocalIP': '127.0.0.1', 'X-ClientPublicIP': '106.193.147.98', 'X-MACAddress': 'b0:47:e9:6c:91:c9', 'Accept': 'application/json', 'X-PrivateKey': 'RgOlMNVl', 'X-UserType': 'USER', 'X-SourceID': 'WEB'}, Request: {'exchange': 'NSE', 'symboltoken': 317, 'interval': 'ONE_MINUTE', 'fromdate': "<Cell 'list'.A23> 09:15", 'todate': "<Cell 'list'.A23> 15:15"}, Response: {'message': 'Invalid date or time format', 'errorcode': 'AB13000', 'status': False, 'data': None}
[E 241030 00:37:45 smartConnect:246] Error occurred while making a POST request to https://apiconnect.angelone.in/rest/secure/angelbroking/historical/v1/getCandleData. Error: Invalid date or time format. URL: https://apiconnect.angelone.in/rest/secure/angelbroking/historical/v1/getCandleData, Headers: {'Content-type': 'application/json', 'X-ClientLocalIP': '127.0.0.1', 'X-ClientPublicIP': '106.193.147.98', 'X-MACAddress': 'b0:47:e9:6c:91:c9', 'Accept': 'application/json', 'X-PrivateKey': 'RgOlMNVl', 'X-UserType': 'USER', 'X-SourceID': 'WEB'}, Request: {'exchange': 'NSE', 'symboltoken': 335, 'interval': 'ONE_MINUTE', 'fromdate': "<Cell 'list'.A24> 09:15", 'todate': "<Cell 'list'.A24> 15:15"}, Response: {'message': 'Invalid date or time format', 'errorcode': 'AB13000', 'status': False, 'data': None}
[E 241030 00:37:46 smartConnect:246] Error occurred while making a POST request to https://apiconnect.angelone.in/rest/secure/angelbroking/historical/v1/getCandleData. Error: Invalid date or time format. URL: https://apiconnect.angelone.in/rest/secure/angelbroking/historical/v1/getCandleData, Headers: {'Content-type': 'application/json', 'X-ClientLocalIP': '127.0.0.1', 'X-ClientPublicIP': '106.193.147.98', 'X-MACAddress': 'b0:47:e9:6c:91:c9', 'Accept': 'application/json', 'X-PrivateKey': 'RgOlMNVl', 'X-UserType': 'USER', 'X-SourceID': 'WEB'}, Request: {'exchange': 'NSE', 'symboltoken': 341, 'interval': 'ONE_MINUTE', 'fromdate': "<Cell 'list'.A25> 09:15", 'todate': "<Cell 'list'.A25> 15:15"}, Response: {'message': 'Invalid date or time format', 'errorcode': 'AB13000', 'status': False, 'data': None}
[E 241030 00:37:47 smartConnect:246] Error occurred while making a POST request to https://apiconnect.angelone.in/rest/secure/angelbroking/historical/v1/getCandleData. Error: Invalid date or time format. URL: https://apiconnect.angelone.in/rest/secure/angelbroking/historical/v1/getCandleData, Headers: {'Content-type': 'application/json', 'X-ClientLocalIP': '127.0.0.1', 'X-ClientPublicIP': '106.193.147.98', 'X-MACAddress': 'b0:47:e9:6c:91:c9', 'Accept': 'application/json', 'X-PrivateKey': 'RgOlMNVl', 'X-UserType': 'USER', 'X-SourceID': 'WEB'}, Request: {'exchange': 'NSE', 'symboltoken': 2263, 'interval': 'ONE_MINUTE', 'fromdate': "<Cell 'list'.A26> 09:15", 'todate': "<Cell 'list'.A26> 15:15"}, Response: {'message': 'Invalid date or time format', 'errorcode': 'AB13000', 'status': False, 'data': None}
[E 241030 00:37:48 smartConnect:246] Error occurred while making a POST request to https://apiconnect.angelone.in/rest/secure/angelbroking/historical/v1/getCandleData. Error: Invalid date or time format. URL: https://apiconnect.angelone.in/rest/secure/angelbroking/historical/v1/getCandleData, Headers: {'Content-type': 'application/json', 'X-ClientLocalIP': '127.0.0.1', 'X-ClientPublicIP': '106.193.147.98', 'X-MACAddress': 'b0:47:e9:6c:91:c9', 'Accept': 'application/json', 'X-PrivateKey': 'RgOlMNVl', 'X-UserType': 'USER', 'X-SourceID': 'WEB'}, Request: {'exchange': 'NSE', 'symboltoken': 4668, 'interval': 'ONE_MINUTE', 'fromdate': "<Cell 'list'.A27> 09:15", 'todate': "<Cell 'list'.A27> 15:15"}, Response: {'message': 'Invalid date or time format', 'errorcode': 'AB13000', 'status': False, 'data': None}
[E 241030 00:37:49 smartConnect:246] Error occurred while making a POST request to https://apiconnect.angelone.in/rest/secure/angelbroking/historical/v1/getCandleData. Error: Invalid date or time format. URL: https://apiconnect.angelone.in/rest/secure/angelbroking/historical/v1/getCandleData, Headers: {'Content-type': 'application/json', 'X-ClientLocalIP': '127.0.0.1', 'X-ClientPublicIP': '106.193.147.98', 'X-MACAddress': 'b0:47:e9:6c:91:c9', 'Accept': 'application/json', 'X-PrivateKey': 'RgOlMNVl', 'X-UserType': 'USER', 'X-SourceID': 'WEB'}, Request: {'exchange': 'NSE', 'symboltoken': 371, 'interval': 'ONE_MINUTE', 'fromdate': "<Cell 'list'.A28> 09:15", 'todate': "<Cell 'list'.A28> 15:15"}, Response: {'message': 'Invalid date or time format', 'errorcode': 'AB13000', 'status': False, 'data': None}
[E 241030 00:37:50 smartConnect:246] Error occurred while making a POST request to https://apiconnect.angelone.in/rest/secure/angelbroking/historical/v1/getCandleData. Error: Invalid date or time format. URL: https://apiconnect.angelone.in/rest/secure/angelbroking/historical/v1/getCandleData, Headers: {'Content-type': 'application/json', 'X-ClientLocalIP': '127.0.0.1', 'X-ClientPublicIP': '106.193.147.98', 'X-MACAddress': 'b0:47:e9:6c:91:c9', 'Accept': 'application/json', 'X-PrivateKey': 'RgOlMNVl', 'X-UserType': 'USER', 'X-SourceID': 'WEB'}, Request: {'exchange': 'NSE', 'symboltoken': 383, 'interval': 'ONE_MINUTE', 'fromdate': "<Cell 'list'.A29> 09:15", 'todate': "<Cell 'list'.A29> 15:15"}, Response: {'message': 'Invalid date or time format', 'errorcode': 'AB13000', 'status': False, 'data': None}
[E 241030 00:37:51 smartConnect:246] Error occurred while making a POST request to https://apiconnect.angelone.in/rest/secure/angelbroking/historical/v1/getCandleData. Error: Invalid date or time format. URL: https://apiconnect.angelone.in/rest/secure/angelbroking/historical/v1/getCandleData, Headers: {'Content-type': 'application/json', 'X-ClientLocalIP': '127.0.0.1', 'X-ClientPublicIP': '106.193.147.98', 'X-MACAddress': 'b0:47:e9:6c:91:c9', 'Accept': 'application/json', 'X-PrivateKey': 'RgOlMNVl', 'X-UserType': 'USER', 'X-SourceID': 'WEB'}, Request: {'exchange': 'NSE', 'symboltoken': 404, 'interval': 'ONE_MINUTE', 'fromdate': "<Cell 'list'.A30> 09:15", 'todate': "<Cell 'list'.A30> 15:15"}, Response: {'message': 'Invalid date or time format', 'errorcode': 'AB13000', 'status': False, 'data': None}
[E 241030 00:37:52 smartConnect:246] Error occurred while making a POST request to https://apiconnect.angelone.in/rest/secure/angelbroking/historical/v1/getCandleData. Error: Invalid date or time format. URL: https://apiconnect.angelone.in/rest/secure/angelbroking/historical/v1/getCandleData, Headers: {'Content-type': 'application/json', 'X-ClientLocalIP': '127.0.0.1', 'X-ClientPublicIP': '106.193.147.98', 'X-MACAddress': 'b0:47:e9:6c:91:c9', 'Accept': 'application/json', 'X-PrivateKey': 'RgOlMNVl', 'X-UserType': 'USER', 'X-SourceID': 'WEB'}, Request: {'exchange': 'NSE', 'symboltoken': 422, 'interval': 'ONE_MINUTE', 'fromdate': "<Cell 'list'.A31> 09:15", 'todate': "<Cell 'list'.A31> 15:15"}, Response: {'message': 'Invalid date or time format', 'errorcode': 'AB13000', 'status': False, 'data': None}
[E 241030 00:37:54 smartConnect:246] Error occurred while making a POST request to https://apiconnect.angelone.in/rest/secure/angelbroking/historical/v1/getCandleData. Error: Invalid date or time format. URL: https://apiconnect.angelone.in/rest/secure/angelbroking/historical/v1/getCandleData, Headers: {'Content-type': 'application/json', 'X-ClientLocalIP': '127.0.0.1', 'X-ClientPublicIP': '106.193.147.98', 'X-MACAddress': 'b0:47:e9:6c:91:c9', 'Accept': 'application/json', 'X-PrivateKey': 'RgOlMNVl', 'X-UserType': 'USER', 'X-SourceID': 'WEB'}, Request: {'exchange': 'NSE', 'symboltoken': 10604, 'interval': 'ONE_MINUTE', 'fromdate': "<Cell 'list'.A32> 09:15", 'todate': "<Cell 'list'.A32> 15:15"}, Response: {'message': 'Invalid date or time format', 'errorcode': 'AB13000', 'status': False, 'data': None}
[E 241030 00:37:55 smartConnect:246] Error occurred while making a POST request to https://apiconnect.angelone.in/rest/secure/angelbroking/historical/v1/getCandleData. Error: Invalid date or time format. URL: https://apiconnect.angelone.in/rest/secure/angelbroking/historical/v1/getCandleData, Headers: {'Content-type': 'application/json', 'X-ClientLocalIP': '127.0.0.1', 'X-ClientPublicIP': '106.193.147.98', 'X-MACAddress': 'b0:47:e9:6c:91:c9', 'Accept': 'application/json', 'X-PrivateKey': 'RgOlMNVl', 'X-UserType': 'USER', 'X-SourceID': 'WEB'}, Request: {'exchange': 'NSE', 'symboltoken': 438, 'interval': 'ONE_MINUTE', 'fromdate': "<Cell 'list'.A33> 09:15", 'todate': "<Cell 'list'.A33> 15:15"}, Response: {'message': 'Invalid date or time format', 'errorcode': 'AB13000', 'status': False, 'data': None}
[E 241030 00:37:56 smartConnect:246] Error occurred while making a POST request to https://apiconnect.angelone.in/rest/secure/angelbroking/historical/v1/getCandleData. Error: Invalid date or time format. URL: https://apiconnect.angelone.in/rest/secure/angelbroking/historical/v1/getCandleData, Headers: {'Content-type': 'application/json', 'X-ClientLocalIP': '127.0.0.1', 'X-ClientPublicIP': '106.193.147.98', 'X-MACAddress': 'b0:47:e9:6c:91:c9', 'Accept': 'application/json', 'X-PrivateKey': 'RgOlMNVl', 'X-UserType': 'USER', 'X-SourceID': 'WEB'}, Request: {'exchange': 'NSE', 'symboltoken': 11373, 'interval': 'ONE_MINUTE', 'fromdate': "<Cell 'list'.A34> 09:15", 'todate': "<Cell 'list'.A34> 15:15"}, Response: {'message': 'Invalid date or time format', 'errorcode': 'AB13000', 'status': False, 'data': None}
[E 241030 00:37:57 smartConnect:246] Error occurred while making a POST request to https://apiconnect.angelone.in/rest/secure/angelbroking/historical/v1/getCandleData. Error: Invalid date or time format. URL: https://apiconnect.angelone.in/rest/secure/angelbroking/historical/v1/getCandleData, Headers: {'Content-type': 'application/json', 'X-ClientLocalIP': '127.0.0.1', 'X-ClientPublicIP': '106.193.147.98', 'X-MACAddress': 'b0:47:e9:6c:91:c9', 'Accept': 'application/json', 'X-PrivateKey': 'RgOlMNVl', 'X-UserType': 'USER', 'X-SourceID': 'WEB'}, Request: {'exchange': 'NSE', 'symboltoken': 2181, 'interval': 'ONE_MINUTE', 'fromdate': "<Cell 'list'.A35> 09:15", 'todate': "<Cell 'list'.A35> 15:15"}, Response: {'message': 'Invalid date or time format', 'errorcode': 'AB13000', 'status': False, 'data': None}
[E 241030 00:37:58 smartConnect:246] Error occurred while making a POST request to https://apiconnect.angelone.in/rest/secure/angelbroking/historical/v1/getCandleData. Error: Invalid date or time format. URL: https://apiconnect.angelone.in/rest/secure/angelbroking/historical/v1/getCandleData, Headers: {'Content-type': 'application/json', 'X-ClientLocalIP': '127.0.0.1', 'X-ClientPublicIP': '106.193.147.98', 'X-MACAddress': 'b0:47:e9:6c:91:c9', 'Accept': 'application/json', 'X-PrivateKey': 'RgOlMNVl', 'X-UserType': 'USER', 'X-SourceID': 'WEB'}, Request: {'exchange': 'NSE', 'symboltoken': 526, 'interval': 'ONE_MINUTE', 'fromdate': "<Cell 'list'.A36> 09:15", 'todate': "<Cell 'list'.A36> 15:15"}, Response: {'message': 'Invalid date or time format', 'errorcode': 'AB13000', 'status': False, 'data': None}
[E 241030 00:37:59 smartConnect:246] Error occurred while making a POST request to https://apiconnect.angelone.in/rest/secure/angelbroking/historical/v1/getCandleData. Error: Invalid date or time format. URL: https://apiconnect.angelone.in/rest/secure/angelbroking/historical/v1/getCandleData, Headers: {'Content-type': 'application/json', 'X-ClientLocalIP': '127.0.0.1', 'X-ClientPublicIP': '106.193.147.98', 'X-MACAddress': 'b0:47:e9:6c:91:c9', 'Accept': 'application/json', 'X-PrivateKey': 'RgOlMNVl', 'X-UserType': 'USER', 'X-SourceID': 'WEB'}, Request: {'exchange': 'NSE', 'symboltoken': 547, 'interval': 'ONE_MINUTE', 'fromdate': "<Cell 'list'.A37> 09:15", 'todate': "<Cell 'list'.A37> 15:15"}, Response: {'message': 'Invalid date or time format', 'errorcode': 'AB13000', 'status': False, 'data': None}
[E 241030 00:38:00 smartConnect:246] Error occurred while making a POST request to https://apiconnect.angelone.in/rest/secure/angelbroking/historical/v1/getCandleData. Error: Invalid date or time format. URL: https://apiconnect.angelone.in/rest/secure/angelbroking/historical/v1/getCandleData, Headers: {'Content-type': 'application/json', 'X-ClientLocalIP': '127.0.0.1', 'X-ClientPublicIP': '106.193.147.98', 'X-MACAddress': 'b0:47:e9:6c:91:c9', 'Accept': 'application/json', 'X-PrivateKey': 'RgOlMNVl', 'X-UserType': 'USER', 'X-SourceID': 'WEB'}, Request: {'exchange': 'NSE', 'symboltoken': 6994, 'interval': 'ONE_MINUTE', 'fromdate': "<Cell 'list'.A38> 09:15", 'todate': "<Cell 'list'.A38> 15:15"}, Response: {'message': 'Invalid date or time format', 'errorcode': 'AB13000', 'status': False, 'data': None}
[E 241030 00:38:01 smartConnect:246] Error occurred while making a POST request to https://apiconnect.angelone.in/rest/secure/angelbroking/historical/v1/getCandleData. Error: Invalid date or time format. URL: https://apiconnect.angelone.in/rest/secure/angelbroking/historical/v1/getCandleData, Headers: {'Content-type': 'application/json', 'X-ClientLocalIP': '127.0.0.1', 'X-ClientPublicIP': '106.193.147.98', 'X-MACAddress': 'b0:47:e9:6c:91:c9', 'Accept': 'application/json', 'X-PrivateKey': 'RgOlMNVl', 'X-UserType': 'USER', 'X-SourceID': 'WEB'}, Request: {'exchange': 'NSE', 'symboltoken': 10794, 'interval': 'ONE_MINUTE', 'fromdate': "<Cell 'list'.A39> 09:15", 'todate': "<Cell 'list'.A39> 15:15"}, Response: {'message': 'Invalid date or time format', 'errorcode': 'AB13000', 'status': False, 'data': None}
[E 241030 00:38:02 smartConnect:246] Error occurred while making a POST request to https://apiconnect.angelone.in/rest/secure/angelbroking/historical/v1/getCandleData. Error: Invalid date or time format. URL: https://apiconnect.angelone.in/rest/secure/angelbroking/historical/v1/getCandleData, Headers: {'Content-type': 'application/json', 'X-ClientLocalIP': '127.0.0.1', 'X-ClientPublicIP': '106.193.147.98', 'X-MACAddress': 'b0:47:e9:6c:91:c9', 'Accept': 'application/json', 'X-PrivateKey': 'RgOlMNVl', 'X-UserType': 'USER', 'X-SourceID': 'WEB'}, Request: {'exchange': 'NSE', 'symboltoken': 583, 'interval': 'ONE_MINUTE', 'fromdate': "<Cell 'list'.A40> 09:15", 'todate': "<Cell 'list'.A40> 15:15"}, Response: {'message': 'Invalid date or time format', 'errorcode': 'AB13000', 'status': False, 'data': None}
[E 241030 00:38:03 smartConnect:246] Error occurred while making a POST request to https://apiconnect.angelone.in/rest/secure/angelbroking/historical/v1/getCandleData. Error: Invalid date or time format. URL: https://apiconnect.angelone.in/rest/secure/angelbroking/historical/v1/getCandleData, Headers: {'Content-type': 'application/json', 'X-ClientLocalIP': '127.0.0.1', 'X-ClientPublicIP': '106.193.147.98', 'X-MACAddress': 'b0:47:e9:6c:91:c9', 'Accept': 'application/json', 'X-PrivateKey': 'RgOlMNVl', 'X-UserType': 'USER', 'X-SourceID': 'WEB'}, Request: {'exchange': 'NSE', 'symboltoken': 637, 'interval': 'ONE_MINUTE', 'fromdate': "<Cell 'list'.A41> 09:15", 'todate': "<Cell 'list'.A41> 15:15"}, Response: {'message': 'Invalid date or time format', 'errorcode': 'AB13000', 'status': False, 'data': None}
[E 241030 00:38:04 smartConnect:246] Error occurred while making a POST request to https://apiconnect.angelone.in/rest/secure/angelbroking/historical/v1/getCandleData. Error: Invalid date or time format. URL: https://apiconnect.angelone.in/rest/secure/angelbroking/historical/v1/getCandleData, Headers: {'Content-type': 'application/json', 'X-ClientLocalIP': '127.0.0.1', 'X-ClientPublicIP': '106.193.147.98', 'X-MACAddress': 'b0:47:e9:6c:91:c9', 'Accept': 'application/json', 'X-PrivateKey': 'RgOlMNVl', 'X-UserType': 'USER', 'X-SourceID': 'WEB'}, Request: {'exchange': 'NSE', 'symboltoken': 685, 'interval': 'ONE_MINUTE', 'fromdate': "<Cell 'list'.A42> 09:15", 'todate': "<Cell 'list'.A42> 15:15"}, Response: {'message': 'Invalid date or time format', 'errorcode': 'AB13000', 'status': False, 'data': None}
[E 241030 00:38:05 smartConnect:246] Error occurred while making a POST request to https://apiconnect.angelone.in/rest/secure/angelbroking/historical/v1/getCandleData. Error: Invalid date or time format. URL: https://apiconnect.angelone.in/rest/secure/angelbroking/historical/v1/getCandleData, Headers: {'Content-type': 'application/json', 'X-ClientLocalIP': '127.0.0.1', 'X-ClientPublicIP': '106.193.147.98', 'X-MACAddress': 'b0:47:e9:6c:91:c9', 'Accept': 'application/json', 'X-PrivateKey': 'RgOlMNVl', 'X-UserType': 'USER', 'X-SourceID': 'WEB'}, Request: {'exchange': 'NSE', 'symboltoken': 694, 'interval': 'ONE_MINUTE', 'fromdate': "<Cell 'list'.A43> 09:15", 'todate': "<Cell 'list'.A43> 15:15"}, Response: {'message': 'Invalid date or time format', 'errorcode': 'AB13000', 'status': False, 'data': None}
[E 241030 00:38:07 smartConnect:246] Error occurred while making a POST request to https://apiconnect.angelone.in/rest/secure/angelbroking/historical/v1/getCandleData. Error: Invalid date or time format. URL: https://apiconnect.angelone.in/rest/secure/angelbroking/historical/v1/getCandleData, Headers: {'Content-type': 'application/json', 'X-ClientLocalIP': '127.0.0.1', 'X-ClientPublicIP': '106.193.147.98', 'X-MACAddress': 'b0:47:e9:6c:91:c9', 'Accept': 'application/json', 'X-PrivateKey': 'RgOlMNVl', 'X-UserType': 'USER', 'X-SourceID': 'WEB'}, Request: {'exchange': 'NSE', 'symboltoken': 20374, 'interval': 'ONE_MINUTE', 'fromdate': "<Cell 'list'.A44> 09:15", 'todate': "<Cell 'list'.A44> 15:15"}, Response: {'message': 'Invalid date or time format', 'errorcode': 'AB13000', 'status': False, 'data': None}
[E 241030 00:38:08 smartConnect:246] Error occurred while making a POST request to https://apiconnect.angelone.in/rest/secure/angelbroking/historical/v1/getCandleData. Error: Invalid date or time format. URL: https://apiconnect.angelone.in/rest/secure/angelbroking/historical/v1/getCandleData, Headers: {'Content-type': 'application/json', 'X-ClientLocalIP': '127.0.0.1', 'X-ClientPublicIP': '106.193.147.98', 'X-MACAddress': 'b0:47:e9:6c:91:c9', 'Accept': 'application/json', 'X-PrivateKey': 'RgOlMNVl', 'X-UserType': 'USER', 'X-SourceID': 'WEB'}, Request: {'exchange': 'NSE', 'symboltoken': 11543, 'interval': 'ONE_MINUTE', 'fromdate': "<Cell 'list'.A45> 09:15", 'todate': "<Cell 'list'.A45> 15:15"}, Response: {'message': 'Invalid date or time format', 'errorcode': 'AB13000', 'status': False, 'data': None}
[E 241030 00:38:09 smartConnect:246] Error occurred while making a POST request to https://apiconnect.angelone.in/rest/secure/angelbroking/historical/v1/getCandleData. Error: Invalid date or time format. URL: https://apiconnect.angelone.in/rest/secure/angelbroking/historical/v1/getCandleData, Headers: {'Content-type': 'application/json', 'X-ClientLocalIP': '127.0.0.1', 'X-ClientPublicIP': '106.193.147.98', 'X-MACAddress': 'b0:47:e9:6c:91:c9', 'Accept': 'application/json', 'X-PrivateKey': 'RgOlMNVl', 'X-UserType': 'USER', 'X-SourceID': 'WEB'}, Request: {'exchange': 'NSE', 'symboltoken': 15141, 'interval': 'ONE_MINUTE', 'fromdate': "<Cell 'list'.A46> 09:15", 'todate': "<Cell 'list'.A46> 15:15"}, Response: {'message': 'Invalid date or time format', 'errorcode': 'AB13000', 'status': False, 'data': None}
[E 241030 00:38:10 smartConnect:246] Error occurred while making a POST request to https://apiconnect.angelone.in/rest/secure/angelbroking/historical/v1/getCandleData. Error: Invalid date or time format. URL: https://apiconnect.angelone.in/rest/secure/angelbroking/historical/v1/getCandleData, Headers: {'Content-type': 'application/json', 'X-ClientLocalIP': '127.0.0.1', 'X-ClientPublicIP': '106.193.147.98', 'X-MACAddress': 'b0:47:e9:6c:91:c9', 'Accept': 'application/json', 'X-PrivateKey': 'RgOlMNVl', 'X-UserType': 'USER', 'X-SourceID': 'WEB'}, Request: {'exchange': 'NSE', 'symboltoken': 4749, 'interval': 'ONE_MINUTE', 'fromdate': "<Cell 'list'.A47> 09:15", 'todate': "<Cell 'list'.A47> 15:15"}, Response: {'message': 'Invalid date or time format', 'errorcode': 'AB13000', 'status': False, 'data': None}
[E 241030 00:38:11 smartConnect:246] Error occurred while making a POST request to https://apiconnect.angelone.in/rest/secure/angelbroking/historical/v1/getCandleData. Error: Invalid date or time format. URL: https://apiconnect.angelone.in/rest/secure/angelbroking/historical/v1/getCandleData, Headers: {'Content-type': 'application/json', 'X-ClientLocalIP': '127.0.0.1', 'X-ClientPublicIP': '106.193.147.98', 'X-MACAddress': 'b0:47:e9:6c:91:c9', 'Accept': 'application/json', 'X-PrivateKey': 'RgOlMNVl', 'X-UserType': 'USER', 'X-SourceID': 'WEB'}, Request: {'exchange': 'NSE', 'symboltoken': 739, 'interval': 'ONE_MINUTE', 'fromdate': "<Cell 'list'.A48> 09:15", 'todate': "<Cell 'list'.A48> 15:15"}, Response: {'message': 'Invalid date or time format', 'errorcode': 'AB13000', 'status': False, 'data': None}
[E 241030 00:38:12 smartConnect:246] Error occurred while making a POST request to https://apiconnect.angelone.in/rest/secure/angelbroking/historical/v1/getCandleData. Error: Invalid date or time format. URL: https://apiconnect.angelone.in/rest/secure/angelbroking/historical/v1/getCandleData, Headers: {'Content-type': 'application/json', 'X-ClientLocalIP': '127.0.0.1', 'X-ClientPublicIP': '106.193.147.98', 'X-MACAddress': 'b0:47:e9:6c:91:c9', 'Accept': 'application/json', 'X-PrivateKey': 'RgOlMNVl', 'X-UserType': 'USER', 'X-SourceID': 'WEB'}, Request: {'exchange': 'NSE', 'symboltoken': 17094, 'interval': 'ONE_MINUTE', 'fromdate': "<Cell 'list'.A49> 09:15", 'todate': "<Cell 'list'.A49> 15:15"}, Response: {'message': 'Invalid date or time format', 'errorcode': 'AB13000', 'status': False, 'data': None}
[E 241030 00:38:13 smartConnect:246] Error occurred while making a POST request to https://apiconnect.angelone.in/rest/secure/angelbroking/historical/v1/getCandleData. Error: Invalid date or time format. URL: https://apiconnect.angelone.in/rest/secure/angelbroking/historical/v1/getCandleData, Headers: {'Content-type': 'application/json', 'X-ClientLocalIP': '127.0.0.1', 'X-ClientPublicIP': '106.193.147.98', 'X-MACAddress': 'b0:47:e9:6c:91:c9', 'Accept': 'application/json', 'X-PrivateKey': 'RgOlMNVl', 'X-UserType': 'USER', 'X-SourceID': 'WEB'}, Request: {'exchange': 'NSE', 'symboltoken': 5701, 'interval': 'ONE_MINUTE', 'fromdate': "<Cell 'list'.A50> 09:15", 'todate': "<Cell 'list'.A50> 15:15"}, Response: {'message': 'Invalid date or time format', 'errorcode': 'AB13000', 'status': False, 'data': None}
[E 241030 00:38:14 smartConnect:246] Error occurred while making a POST request to https://apiconnect.angelone.in/rest/secure/angelbroking/historical/v1/getCandleData. Error: Invalid date or time format. URL: https://apiconnect.angelone.in/rest/secure/angelbroking/historical/v1/getCandleData, Headers: {'Content-type': 'application/json', 'X-ClientLocalIP': '127.0.0.1', 'X-ClientPublicIP': '106.193.147.98', 'X-MACAddress': 'b0:47:e9:6c:91:c9', 'Accept': 'application/json', 'X-PrivateKey': 'RgOlMNVl', 'X-UserType': 'USER', 'X-SourceID': 'WEB'}, Request: {'exchange': 'NSE', 'symboltoken': 1901, 'interval': 'ONE_MINUTE', 'fromdate': "<Cell 'list'.A51> 09:15", 'todate': "<Cell 'list'.A51> 15:15"}, Response: {'message': 'Invalid date or time format', 'errorcode': 'AB13000', 'status': False, 'data': None}
[E 241030 00:38:15 smartConnect:246] Error occurred while making a POST request to https://apiconnect.angelone.in/rest/secure/angelbroking/historical/v1/getCandleData. Error: Invalid date or time format. URL: https://apiconnect.angelone.in/rest/secure/angelbroking/historical/v1/getCandleData, Headers: {'Content-type': 'application/json', 'X-ClientLocalIP': '127.0.0.1', 'X-ClientPublicIP': '106.193.147.98', 'X-MACAddress': 'b0:47:e9:6c:91:c9', 'Accept': 'application/json', 'X-PrivateKey': 'RgOlMNVl', 'X-UserType': 'USER', 'X-SourceID': 'WEB'}, Request: {'exchange': 'NSE', 'symboltoken': 772, 'interval': 'ONE_MINUTE', 'fromdate': "<Cell 'list'.A52> 09:15", 'todate': "<Cell 'list'.A52> 15:15"}, Response: {'message': 'Invalid date or time format', 'errorcode': 'AB13000', 'status': False, 'data': None}
[E 241030 00:38:16 smartConnect:246] Error occurred while making a POST request to https://apiconnect.angelone.in/rest/secure/angelbroking/historical/v1/getCandleData. Error: Invalid date or time format. URL: https://apiconnect.angelone.in/rest/secure/angelbroking/historical/v1/getCandleData, Headers: {'Content-type': 'application/json', 'X-ClientLocalIP': '127.0.0.1', 'X-ClientPublicIP': '106.193.147.98', 'X-MACAddress': 'b0:47:e9:6c:91:c9', 'Accept': 'application/json', 'X-PrivateKey': 'RgOlMNVl', 'X-UserType': 'USER', 'X-SourceID': 'WEB'}, Request: {'exchange': 'NSE', 'symboltoken': 8075, 'interval': 'ONE_MINUTE', 'fromdate': "<Cell 'list'.A53> 09:15", 'todate': "<Cell 'list'.A53> 15:15"}, Response: {'message': 'Invalid date or time format', 'errorcode': 'AB13000', 'status': False, 'data': None}
[E 241030 00:38:17 smartConnect:246] Error occurred while making a POST request to https://apiconnect.angelone.in/rest/secure/angelbroking/historical/v1/getCandleData. Error: Invalid date or time format. URL: https://apiconnect.angelone.in/rest/secure/angelbroking/historical/v1/getCandleData, Headers: {'Content-type': 'application/json', 'X-ClientLocalIP': '127.0.0.1', 'X-ClientPublicIP': '106.193.147.98', 'X-MACAddress': 'b0:47:e9:6c:91:c9', 'Accept': 'application/json', 'X-PrivateKey': 'RgOlMNVl', 'X-UserType': 'USER', 'X-SourceID': 'WEB'}, Request: {'exchange': 'NSE', 'symboltoken': 19943, 'interval': 'ONE_MINUTE', 'fromdate': "<Cell 'list'.A54> 09:15", 'todate': "<Cell 'list'.A54> 15:15"}, Response: {'message': 'Invalid date or time format', 'errorcode': 'AB13000', 'status': False, 'data': None}
[E 241030 00:38:18 smartConnect:246] Error occurred while making a POST request to https://apiconnect.angelone.in/rest/secure/angelbroking/historical/v1/getCandleData. Error: Invalid date or time format. URL: https://apiconnect.angelone.in/rest/secure/angelbroking/historical/v1/getCandleData, Headers: {'Content-type': 'application/json', 'X-ClientLocalIP': '127.0.0.1', 'X-ClientPublicIP': '106.193.147.98', 'X-MACAddress': 'b0:47:e9:6c:91:c9', 'Accept': 'application/json', 'X-PrivateKey': 'RgOlMNVl', 'X-UserType': 'USER', 'X-SourceID': 'WEB'}, Request: {'exchange': 'NSE', 'symboltoken': 10940, 'interval': 'ONE_MINUTE', 'fromdate': "<Cell 'list'.A55> 09:15", 'todate': "<Cell 'list'.A55> 15:15"}, Response: {'message': 'Invalid date or time format', 'errorcode': 'AB13000', 'status': False, 'data': None}
[E 241030 00:38:19 smartConnect:246] Error occurred while making a POST request to https://apiconnect.angelone.in/rest/secure/angelbroking/historical/v1/getCandleData. Error: Invalid date or time format. URL: https://apiconnect.angelone.in/rest/secure/angelbroking/historical/v1/getCandleData, Headers: {'Content-type': 'application/json', 'X-ClientLocalIP': '127.0.0.1', 'X-ClientPublicIP': '106.193.147.98', 'X-MACAddress': 'b0:47:e9:6c:91:c9', 'Accept': 'application/json', 'X-PrivateKey': 'RgOlMNVl', 'X-UserType': 'USER', 'X-SourceID': 'WEB'}, Request: {'exchange': 'NSE', 'symboltoken': 21690, 'interval': 'ONE_MINUTE', 'fromdate': "<Cell 'list'.A56> 09:15", 'todate': "<Cell 'list'.A56> 15:15"}, Response: {'message': 'Invalid date or time format', 'errorcode': 'AB13000', 'status': False, 'data': None}
[E 241030 00:38:21 smartConnect:246] Error occurred while making a POST request to https://apiconnect.angelone.in/rest/secure/angelbroking/historical/v1/getCandleData. Error: Invalid date or time format. URL: https://apiconnect.angelone.in/rest/secure/angelbroking/historical/v1/getCandleData, Headers: {'Content-type': 'application/json', 'X-ClientLocalIP': '127.0.0.1', 'X-ClientPublicIP': '106.193.147.98', 'X-MACAddress': 'b0:47:e9:6c:91:c9', 'Accept': 'application/json', 'X-PrivateKey': 'RgOlMNVl', 'X-UserType': 'USER', 'X-SourceID': 'WEB'}, Request: {'exchange': 'NSE', 'symboltoken': 14732, 'interval': 'ONE_MINUTE', 'fromdate': "<Cell 'list'.A57> 09:15", 'todate': "<Cell 'list'.A57> 15:15"}, Response: {'message': 'Invalid date or time format', 'errorcode': 'AB13000', 'status': False, 'data': None}
[E 241030 00:38:37 smartConnect:246] Error occurred while making a POST request to https://apiconnect.angelone.in/rest/secure/angelbroking/historical/v1/getCandleData. Error: Invalid date or time format. URL: https://apiconnect.angelone.in/rest/secure/angelbroking/historical/v1/getCandleData, Headers: {'Content-type': 'application/json', 'X-ClientLocalIP': '127.0.0.1', 'X-ClientPublicIP': '106.193.147.98', 'X-MACAddress': 'b0:47:e9:6c:91:c9', 'Accept': 'application/json', 'X-PrivateKey': 'RgOlMNVl', 'X-UserType': 'USER', 'X-SourceID': 'WEB'}, Request: {'exchange': 'NSE', 'symboltoken': 7, 'interval': 'ONE_MINUTE', 'fromdate': '2024-10-14 00:00:00 09:15', 'todate': '2024-10-14 00:00:00 15:15'}, Response: {'message': 'Invalid date or time format', 'errorcode': 'AB13000', 'status': False, 'data': None}
[E 241030 00:38:37 test:676] Historic Api failed: 0
    Traceback (most recent call last):
      File "C:\Users\RAHUL\AppData\Local\Programs\Python\Python313\Lib\site-packages\pandas\core\indexes\range.py", line 413, in get_loc
        return self._range.index(new_key)
               ~~~~~~~~~~~~~~~~~^^^^^^^^^
    ValueError: 0 is not in range
    
    The above exception was the direct cause of the following exception:
    
    Traceback (most recent call last):
      File "D:\python project\test.py", line 115, in <module>
        df[0] = pd.to_datetime(df[0], format='%Y-%m-%dT%H:%M:%S%z')
                               ~~^^^
      File "C:\Users\RAHUL\AppData\Local\Programs\Python\Python313\Lib\site-packages\pandas\core\frame.py", line 4102, in __getitem__
        indexer = self.columns.get_loc(key)
      File "C:\Users\RAHUL\AppData\Local\Programs\Python\Python313\Lib\site-packages\pandas\core\indexes\range.py", line 415, in get_loc
        raise KeyError(key) from err
    KeyError: 0
[E 241030 00:39:53 test:676] Historic Api failed: 'datetime.datetime' object has no attribute 'dt'
    Traceback (most recent call last):
      File "D:\python project\test.py", line 57, in <module>
        "fromdate": f"{sh1.cell(i,1).value.dt.strftime('%Y-%m-%d')} 09:15",
                       ^^^^^^^^^^^^^^^^^^^^^^
    AttributeError: 'datetime.datetime' object has no attribute 'dt'
[E 241030 00:40:25 test:676] Historic Api failed: 'datetime.datetime' object has no attribute 'datetime'
    Traceback (most recent call last):
      File "D:\python project\test.py", line 57, in <module>
        "fromdate": f"{sh1.cell(i,1).value.datetime.strftime('%Y-%m-%d')} 09:15",
                       ^^^^^^^^^^^^^^^^^^^^^^^^^^^^
    AttributeError: 'datetime.datetime' object has no attribute 'datetime'
[E 241030 00:52:41 test:678] Historic Api failed: time data '2024-10-14 00:00:00' does not match format '%d-%m-%Y %H:%M:%S'
    Traceback (most recent call last):
      File "D:\python project\test.py", line 53, in <module>
        tradeDate = datetime.strptime(f"{sh1.cell(i,1).value}", "%d-%m-%Y %H:%M:%S")
      File "C:\Users\RAHUL\AppData\Local\Programs\Python\Python313\Lib\_strptime.py", line 573, in _strptime_datetime
        tt, fraction, gmtoff_fraction = _strptime(data_string, format)
                                        ~~~~~~~~~^^^^^^^^^^^^^^^^^^^^^
      File "C:\Users\RAHUL\AppData\Local\Programs\Python\Python313\Lib\_strptime.py", line 352, in _strptime
        raise ValueError("time data %r does not match format %r" %
                         (data_string, format))
    ValueError: time data '2024-10-14 00:00:00' does not match format '%d-%m-%Y %H:%M:%S'
[E 241030 00:54:26 smartConnect:246] Error occurred while making a POST request to https://apiconnect.angelone.in/rest/secure/angelbroking/historical/v1/getCandleData. Error: Invalid date or time format. URL: https://apiconnect.angelone.in/rest/secure/angelbroking/historical/v1/getCandleData, Headers: {'Content-type': 'application/json', 'X-ClientLocalIP': '127.0.0.1', 'X-ClientPublicIP': '106.193.147.98', 'X-MACAddress': 'b0:47:e9:6c:91:c9', 'Accept': 'application/json', 'X-PrivateKey': 'RgOlMNVl', 'X-UserType': 'USER', 'X-SourceID': 'WEB'}, Request: {'exchange': 'NSE', 'symboltoken': 7, 'interval': 'ONE_MINUTE', 'fromdate': '2024-10-14 00:00:00 09:15', 'todate': '2024-10-14 00:00:00 15:15'}, Response: {'message': 'Invalid date or time format', 'errorcode': 'AB13000', 'status': False, 'data': None}
[E 241030 00:54:26 test:678] Historic Api failed: 0
    Traceback (most recent call last):
      File "C:\Users\RAHUL\AppData\Local\Programs\Python\Python313\Lib\site-packages\pandas\core\indexes\range.py", line 413, in get_loc
        return self._range.index(new_key)
               ~~~~~~~~~~~~~~~~~^^^^^^^^^
    ValueError: 0 is not in range
    
    The above exception was the direct cause of the following exception:
    
    Traceback (most recent call last):
      File "D:\python project\test.py", line 117, in <module>
        df[0] = pd.to_datetime(df[0], format='%Y-%m-%dT%H:%M:%S%z')
                               ~~^^^
      File "C:\Users\RAHUL\AppData\Local\Programs\Python\Python313\Lib\site-packages\pandas\core\frame.py", line 4102, in __getitem__
        indexer = self.columns.get_loc(key)
      File "C:\Users\RAHUL\AppData\Local\Programs\Python\Python313\Lib\site-packages\pandas\core\indexes\range.py", line 415, in get_loc
        raise KeyError(key) from err
    KeyError: 0
[E 241030 01:03:48 test:681] Historic Api failed: name 'df' is not defined
    Traceback (most recent call last):
      File "D:\python project\test.py", line 516, in <module>
        C1result = evaluate_trade(df, C1Value, C1Stoploss, C1Target,"C1")
                                  ^^
    NameError: name 'df' is not defined
[E 241030 01:06:12 test:683] Historic Api failed: time data '2024-10-14 00:00:00' does not match format '%d-%m-%Y %H:%M:%S'
    Traceback (most recent call last):
      File "D:\python project\test.py", line 53, in <module>
        tradeDate = datetime.strptime(f"{sh1.cell(i,1).value}", "%d-%m-%Y %H:%M:%S")
      File "C:\Users\RAHUL\AppData\Local\Programs\Python\Python313\Lib\_strptime.py", line 573, in _strptime_datetime
        tt, fraction, gmtoff_fraction = _strptime(data_string, format)
                                        ~~~~~~~~~^^^^^^^^^^^^^^^^^^^^^
      File "C:\Users\RAHUL\AppData\Local\Programs\Python\Python313\Lib\_strptime.py", line 352, in _strptime
        raise ValueError("time data %r does not match format %r" %
                         (data_string, format))
    ValueError: time data '2024-10-14 00:00:00' does not match format '%d-%m-%Y %H:%M:%S'
[E 241030 01:07:29 test:683] Historic Api failed: time data '2024-10-14 00:00:00' does not match format '%d-%m-%Y %H:%M:%S'
    Traceback (most recent call last):
      File "D:\python project\test.py", line 53, in <module>
        tradeDate = datetime.strptime(f"{sh1.cell(i,1).value}", "%d-%m-%Y %H:%M:%S")
      File "C:\Users\RAHUL\AppData\Local\Programs\Python\Python313\Lib\_strptime.py", line 573, in _strptime_datetime
        tt, fraction, gmtoff_fraction = _strptime(data_string, format)
                                        ~~~~~~~~~^^^^^^^^^^^^^^^^^^^^^
      File "C:\Users\RAHUL\AppData\Local\Programs\Python\Python313\Lib\_strptime.py", line 352, in _strptime
        raise ValueError("time data %r does not match format %r" %
                         (data_string, format))
    ValueError: time data '2024-10-14 00:00:00' does not match format '%d-%m-%Y %H:%M:%S'
[E 241030 01:07:41 test:683] Historic Api failed: name 'tradeDate' is not defined
    Traceback (most recent call last):
      File "D:\python project\test.py", line 55, in <module>
        print(tradeDate)
              ^^^^^^^^^
    NameError: name 'tradeDate' is not defined
[E 241030 01:09:24 test:683] Historic Api failed: 'datetime.datetime' object has no attribute 'datetime'
    Traceback (most recent call last):
      File "D:\python project\test.py", line 55, in <module>
        print(tradeDate.datetime.strftime('%Y-%m-%d'))
              ^^^^^^^^^^^^^^^^^^
    AttributeError: 'datetime.datetime' object has no attribute 'datetime'
[E 241030 01:09:48 test:683] Historic Api failed: 'datetime.datetime' object has no attribute 'dt'
    Traceback (most recent call last):
      File "D:\python project\test.py", line 55, in <module>
        print(tradeDate.dt.strftime('%Y-%m-%d'))
              ^^^^^^^^^^^^
    AttributeError: 'datetime.datetime' object has no attribute 'dt'
